<?xml version="1.0" encoding="UTF-8"?>
<!-- Generated by org.testng.reporters.JUnitXMLReporter -->
<testsuite ignored="1" hostname="DESKTOP-SFU7KQA" failures="1" tests="3" name="Test" time="0.127" errors="0" timestamp="2024-12-01T10:43:06 EST">
  <testcase classname="testNGPackage.EnableDisableClass" name="test1" time="0.017"/>
  <testcase classname="testNGPackage.EnableDisableClass" name="test2" time="0.016">
    <failure type="java.lang.AssertionError" message="expected [false] but found [true]">
      <![CDATA[java.lang.AssertionError: expected [false] but found [true]
at testNGPackage.EnableDisableClass.test2(EnableDisableClass.java:21)
at java.base/java.util.ArrayList.forEach(ArrayList.java:1597)
... Removed 32 stack frames]]>
    </failure>
  </testcase> <!-- test2 -->
  <testcase classname="testNGPackage.EnableDisableClass" name="test3" time="0.008">
    <skipped/>
  </testcase> <!-- test3 -->
  <testcase classname="testNGPackage.EnableDisableClass" name="test4" time="0.0">
    <ignored/>
  </testcase> <!-- test4 -->
</testsuite> <!-- Test -->
