<?xml version="1.0" encoding="UTF-8"?>
<testng-results ignored="0" total="1" passed="1" failed="0" skipped="0">
  <reporter-output>
  </reporter-output>
  <suite started-at="2024-12-01T11:04:33 EST" name="Default suite" finished-at="2024-12-01T11:04:35 EST" duration-ms="1734">
    <groups>
    </groups>
    <test started-at="2024-12-01T11:04:33 EST" name="Default test" finished-at="2024-12-01T11:04:35 EST" duration-ms="1734">
      <class name="testNGPackage.ExtentReportsClass">
        <test-method signature="logintest()[pri:0, instance:testNGPackage.ExtentReportsClass@4b741d6d]" started-at="2024-12-01T11:04:34 EST" name="logintest" finished-at="2024-12-01T11:04:35 EST" duration-ms="1603" status="PASS">
          <reporter-output>
          </reporter-output>
        </test-method> <!-- logintest -->
      </class> <!-- testNGPackage.ExtentReportsClass -->
    </test> <!-- Default test -->
  </suite> <!-- Default suite -->
</testng-results>
